0 info it worked if it ends with ok
1 verbose cli [ 'C:\\Program Files\\nodejs\\node.exe',
1 verbose cli   'C:\\Program Files\\nodejs\\node_modules\\npm\\bin\\npm-cli.js',
1 verbose cli   'install' ]
2 info using npm@3.9.2
3 info using node@v4.4.0
4 silly loadCurrentTree Starting
5 silly install loadCurrentTree
6 silly install readLocalPackageData
7 silly rollbackFailedOptional Starting
8 silly rollbackFailedOptional Finishing
9 silly runTopLevelLifecycles Starting
10 silly runTopLevelLifecycles Finishing
11 silly install printInstalled
12 verbose stack Error: EPERM: operation not permitted, lstat 'C:\Users\pavel.terenin\Documents\Dnn.Evoq.Microservices.UI.Common\DatePicker\node_modules\commoner\node_modules\glob'
12 verbose stack     at Error (native)
13 verbose cwd C:\Users\pavel.terenin\Documents\Dnn.Evoq.Microservices.UI.Common\DatePicker
14 error Windows_NT 10.0.10586
15 error argv "C:\\Program Files\\nodejs\\node.exe" "C:\\Program Files\\nodejs\\node_modules\\npm\\bin\\npm-cli.js" "install"
16 error node v4.4.0
17 error npm  v3.9.2
18 error path C:\Users\pavel.terenin\Documents\Dnn.Evoq.Microservices.UI.Common\DatePicker\node_modules\commoner\node_modules\glob
19 error code EPERM
20 error errno -4048
21 error syscall lstat
22 error Error: EPERM: operation not permitted, lstat 'C:\Users\pavel.terenin\Documents\Dnn.Evoq.Microservices.UI.Common\DatePicker\node_modules\commoner\node_modules\glob'
22 error     at Error (native)
22 error  { [Error: EPERM: operation not permitted, lstat 'C:\Users\pavel.terenin\Documents\Dnn.Evoq.Microservices.UI.Common\DatePicker\node_modules\commoner\node_modules\glob']
22 error   errno: -4048,
22 error   code: 'EPERM',
22 error   syscall: 'lstat',
22 error   path: 'C:\\Users\\pavel.terenin\\Documents\\Dnn.Evoq.Microservices.UI.Common\\DatePicker\\node_modules\\commoner\\node_modules\\glob' }
23 error Please try running this command again as root/Administrator.
24 verbose exit [ -4048, true ]
